2025-12-23 17:06:34,531 - __main__ - INFO - Khởi động ứng dụng...
2025-12-23 17:06:34,571 - ui.controllers.header_controllers - DEBUG - HeaderController đã bind signal
2025-12-23 17:06:34,571 - ui.controllers.header_controllers - INFO - Chuyển tab header: khai_bao
2025-12-23 17:06:34,571 - ui.controllers.header_controllers - DEBUG - Số nút ribbon: 7
2025-12-23 17:06:34,703 - __main__ - INFO - Ứng dụng đã sẵn sàng.
2025-12-23 17:06:35,852 - ui.controllers.header_controllers - INFO - Chuyển tab header: ket_noi
2025-12-23 17:06:35,852 - ui.controllers.header_controllers - DEBUG - Số nút ribbon: 4
2025-12-23 17:06:36,676 - ui.main_window - INFO - Header action clicked: Thêm Máy 
chấm công
2025-12-23 17:06:36,741 - core.database - INFO - ✅ Kết nối MySQL thành công
2025-12-23 17:06:36,757 - core.database - INFO - ✅ Kết nối MySQL thành công
2025-12-23 17:06:39,444 - core.database - INFO - ✅ Kết nối MySQL thành công
2025-12-23 17:06:47,929 - ui.main_window - INFO - Header action clicked: Tải dữ liệu
Máy chấm công
2025-12-23 17:06:47,962 - core.database - INFO - ✅ Kết nối MySQL thành công
2025-12-23 17:06:47,962 - core.database - INFO - ✅ Kết nối MySQL thành công
2025-12-23 17:06:49,496 - core.database - INFO - ✅ Kết nối MySQL thành công
2025-12-23 17:07:21,688 - services.download_attendance_services - WARNING - Tải dữ liệu từ máy thất bại (lần 1/3) ip=192.168.1.17 port=4370 timeout=15: timed out
2025-12-23 17:07:49,986 - core.database - INFO - ✅ Kết nối MySQL thành công
2025-12-23 17:07:50,011 - core.database - INFO - ✅ Kết nối MySQL thành công
2025-12-23 17:07:50,020 - core.database - INFO - ✅ Kết nối MySQL thành công
2025-12-23 17:07:50,137 - core.database - INFO - ✅ Kết nối MySQL thành công
2025-12-23 17:09:36,617 - core.database - INFO - ✅ Kết nối MySQL thành công
2025-12-23 17:09:42,217 - ui.controllers.header_controllers - INFO - Chuyển tab header: khai_bao
2025-12-23 17:09:42,217 - ui.controllers.header_controllers - DEBUG - Số nút ribbon: 7
2025-12-23 17:09:42,850 - ui.main_window - INFO - Header action clicked: Thoát
Ứng dụng
2025-12-23 17:09:42,850 - core.database - INFO - ✅ Kết nối MySQL thành công
2025-12-23 17:10:38,983 - __main__ - INFO - Khởi động ứng dụng...
2025-12-23 17:10:39,027 - ui.controllers.header_controllers - DEBUG - HeaderController đã bind signal
2025-12-23 17:10:39,027 - ui.controllers.header_controllers - INFO - Chuyển tab header: khai_bao
2025-12-23 17:10:39,027 - ui.controllers.header_controllers - DEBUG - Số nút ribbon: 7
2025-12-23 17:10:39,134 - __main__ - INFO - Ứng dụng đã sẵn sàng.
2025-12-23 17:10:40,383 - ui.controllers.header_controllers - INFO - Chuyển tab header: cham_cong
2025-12-23 17:10:40,383 - ui.controllers.header_controllers - DEBUG - Số nút ribbon: 7
2025-12-23 17:10:41,334 - ui.main_window - INFO - Header action clicked: Sắp xếp lịch
Làm việc
2025-12-23 17:10:41,432 - core.database - INFO - ✅ Kết nối MySQL thành công
2025-12-23 17:10:41,967 - ui.controllers.header_controllers - INFO - Chuyển tab header: ket_noi
2025-12-23 17:10:41,967 - ui.controllers.header_controllers - DEBUG - Số nút ribbon: 4
2025-12-23 17:10:43,991 - ui.main_window - INFO - Header action clicked: Thêm Máy 
chấm công
2025-12-23 17:10:44,005 - core.database - INFO - ✅ Kết nối MySQL thành công
2025-12-23 17:10:44,018 - core.database - INFO - ✅ Kết nối MySQL thành công
2025-12-23 17:10:45,311 - core.database - INFO - ✅ Kết nối MySQL thành công
2025-12-23 17:10:47,367 - ui.main_window - INFO - Header action clicked: Tải dữ liệu
Máy chấm công
2025-12-23 17:10:47,395 - core.database - INFO - ✅ Kết nối MySQL thành công
2025-12-23 17:10:47,397 - core.database - INFO - ✅ Kết nối MySQL thành công
2025-12-23 17:10:48,731 - core.database - INFO - ✅ Kết nối MySQL thành công
2025-12-23 17:11:13,532 - core.database - INFO - ✅ Kết nối MySQL thành công
2025-12-23 17:11:13,546 - core.database - INFO - ✅ Kết nối MySQL thành công
2025-12-23 17:11:13,562 - core.database - INFO - ✅ Kết nối MySQL thành công
2025-12-23 17:11:13,625 - core.database - INFO - ✅ Kết nối MySQL thành công
2025-12-23 17:11:53,014 - core.database - INFO - ✅ Kết nối MySQL thành công
2025-12-23 17:12:16,871 - core.database - INFO - ✅ Kết nối MySQL thành công
2025-12-23 17:12:16,889 - core.database - INFO - ✅ Kết nối MySQL thành công
2025-12-23 17:12:16,903 - core.database - INFO - ✅ Kết nối MySQL thành công
2025-12-23 17:12:16,966 - core.database - INFO - ✅ Kết nối MySQL thành công
2025-12-23 17:12:40,389 - core.database - INFO - ✅ Kết nối MySQL thành công
